[2020-03-03T11:31:48.431] [DEBUG] cheese - login => username:xjx,password:ddddddd
[2020-03-03T11:31:48.445] [DEBUG] cheese - xjx
[2020-03-03T11:31:48.703] [DEBUG] cheese - null
[2020-03-03T11:31:48.703] [DEBUG] cheese - null
[2020-03-03T11:33:58.695] [DEBUG] cheese - login => username:xjx,password:ddddddd
[2020-03-03T11:33:58.695] [DEBUG] cheese - xjx
[2020-03-03T11:33:58.698] [DEBUG] cheese - null
[2020-03-03T11:33:58.698] [DEBUG] cheese - null
[2020-03-03T11:33:59.213] [DEBUG] cheese - login => username:xjx,password:ddddddd
[2020-03-03T11:33:59.214] [DEBUG] cheese - xjx
[2020-03-03T11:33:59.216] [DEBUG] cheese - null
[2020-03-03T11:33:59.216] [DEBUG] cheese - null
[2020-03-03T11:33:59.373] [DEBUG] cheese - login => username:xjx,password:ddddddd
[2020-03-03T11:33:59.373] [DEBUG] cheese - xjx
[2020-03-03T11:33:59.375] [DEBUG] cheese - null
[2020-03-03T11:33:59.375] [DEBUG] cheese - null
[2020-03-03T11:33:59.517] [DEBUG] cheese - login => username:xjx,password:ddddddd
[2020-03-03T11:33:59.517] [DEBUG] cheese - xjx
[2020-03-03T11:33:59.518] [DEBUG] cheese - null
[2020-03-03T11:33:59.518] [DEBUG] cheese - null
[2020-03-03T11:35:10.378] [DEBUG] cheese - login => username:xjx,password:1234545
[2020-03-03T11:35:10.378] [DEBUG] cheese - xjx
[2020-03-03T11:35:10.381] [DEBUG] cheese - null
[2020-03-03T11:35:10.381] [DEBUG] cheese - null
[2020-03-03T11:36:34.225] [DEBUG] cheese - login => username:xjx,password:1233443434
[2020-03-03T11:36:34.225] [DEBUG] cheese - xjx
[2020-03-03T11:36:34.227] [DEBUG] cheese - null
[2020-03-03T11:36:34.227] [DEBUG] cheese - null
[2020-03-03T11:40:08.120] [DEBUG] cheese - login => username:xjx,password:12333333
[2020-03-03T11:40:08.120] [DEBUG] cheese - xjx
[2020-03-03T11:40:08.124] [DEBUG] cheese - null
[2020-03-03T11:40:08.124] [DEBUG] cheese - null
[2020-03-03T11:40:17.895] [DEBUG] cheese - login => username:adi,password:12333333
[2020-03-03T11:40:17.895] [DEBUG] cheese - adi
[2020-03-03T11:40:17.897] [DEBUG] cheese - null
[2020-03-03T11:40:17.897] [DEBUG] cheese - null
[2020-03-03T11:40:42.448] [DEBUG] cheese - login => username:xjx,password:123gfgf
[2020-03-03T11:40:42.448] [DEBUG] cheese - xjx
[2020-03-03T11:40:42.450] [DEBUG] cheese - null
[2020-03-03T11:40:42.450] [DEBUG] cheese - null
[2020-03-03T11:40:54.032] [DEBUG] cheese - login => username:admin,password:123456
[2020-03-03T11:40:54.032] [DEBUG] cheese - admin
[2020-03-03T11:40:54.035] [DEBUG] cheese - null
[2020-03-03T11:40:54.035] [DEBUG] cheese - null
[2020-03-03T12:52:58.009] [DEBUG] cheese - login => username:admin,password:123456
[2020-03-03T12:52:58.010] [DEBUG] cheese - admin
[2020-03-03T12:52:58.140] [DEBUG] cheese - null
[2020-03-03T12:52:58.140] [DEBUG] cheese - null
[2020-03-03T12:53:12.142] [DEBUG] cheese - login => username:admin,password:123456
[2020-03-03T12:53:12.142] [DEBUG] cheese - admin
[2020-03-03T12:53:12.145] [DEBUG] cheese - null
[2020-03-03T12:53:12.145] [DEBUG] cheese - null
[2020-03-03T13:01:01.935] [DEBUG] cheese - login => username:admin,password:123456
[2020-03-03T13:01:01.935] [DEBUG] cheese - admin
[2020-03-03T13:01:01.939] [DEBUG] cheese - null
[2020-03-03T13:01:01.939] [DEBUG] cheese - null
[2020-03-03T13:12:31.185] [DEBUG] cheese - login => username:admin,password:123456
[2020-03-03T13:12:31.186] [DEBUG] cheese - admin
[2020-03-03T13:12:31.189] [DEBUG] cheese - null
[2020-03-03T13:12:31.189] [DEBUG] cheese - null
[2020-03-03T13:13:58.953] [DEBUG] cheese - login => username:admin,password:123456
[2020-03-03T13:13:58.953] [DEBUG] cheese - admin
[2020-03-03T13:13:58.955] [DEBUG] cheese - null
[2020-03-03T13:13:58.955] [DEBUG] cheese - null
[2020-03-03T13:16:32.295] [DEBUG] cheese - login => username:admin,password:123456
[2020-03-03T13:16:32.295] [DEBUG] cheese - admin
[2020-03-03T13:16:32.299] [DEBUG] cheese - null
[2020-03-03T13:16:32.299] [DEBUG] cheese - null
[2020-03-03T13:36:40.944] [DEBUG] cheese - login => username:admin,password:123456
[2020-03-03T13:36:40.944] [DEBUG] cheese - admin
[2020-03-03T13:36:40.948] [DEBUG] cheese - null
[2020-03-03T13:36:40.948] [DEBUG] cheese - null
[2020-03-03T13:43:52.118] [DEBUG] cheese - login => username:admin,password:123456
[2020-03-03T13:43:52.118] [DEBUG] cheese - admin
[2020-03-03T13:43:52.122] [DEBUG] cheese - null
[2020-03-03T13:43:52.122] [DEBUG] cheese - null
[2020-03-03T13:45:46.581] [DEBUG] cheese - login => username:admin,password:123456
[2020-03-03T13:45:46.581] [DEBUG] cheese - admin
[2020-03-03T13:45:46.583] [DEBUG] cheese - null
[2020-03-03T13:45:46.584] [DEBUG] cheese - null
[2020-03-03T14:16:21.611] [DEBUG] cheese - login => username:admin,password:123456
[2020-03-03T14:16:21.611] [DEBUG] cheese - admin
[2020-03-03T14:16:21.616] [DEBUG] cheese - null
[2020-03-03T14:16:21.616] [DEBUG] cheese - null
[2020-03-03T15:18:30.955] [DEBUG] cheese - login => username:admin,password:123456
[2020-03-03T15:18:30.956] [DEBUG] cheese - admin
[2020-03-03T15:18:31.076] [DEBUG] cheese - null
[2020-03-03T15:18:31.076] [DEBUG] cheese - null
[2020-03-03T15:25:30.912] [DEBUG] cheese - login => username:admin,password:123456
[2020-03-03T15:25:30.912] [DEBUG] cheese - admin
[2020-03-03T15:25:30.917] [DEBUG] cheese - null
[2020-03-03T15:25:30.917] [DEBUG] cheese - null
[2020-03-03T15:26:47.341] [DEBUG] cheese - login => username:admin,password:123456
[2020-03-03T15:26:47.341] [DEBUG] cheese - admin
[2020-03-03T15:26:47.344] [DEBUG] cheese - null
[2020-03-03T15:26:47.344] [DEBUG] cheese - null
[2020-03-03T19:25:21.544] [DEBUG] cheese - login => username:admin,password:123456
[2020-03-03T19:25:21.545] [DEBUG] cheese - admin
[2020-03-03T19:25:21.673] [DEBUG] cheese - null
[2020-03-03T19:25:21.674] [DEBUG] cheese - null
[2020-03-03T19:25:24.558] [DEBUG] cheese - login => username:admin,password:123456
[2020-03-03T19:25:24.558] [DEBUG] cheese - admin
[2020-03-03T19:25:24.560] [DEBUG] cheese - null
[2020-03-03T19:25:24.560] [DEBUG] cheese - null
[2020-03-03T19:37:10.418] [DEBUG] cheese - login => username:admin,password:123456
[2020-03-03T19:37:10.419] [DEBUG] cheese - admin
[2020-03-03T19:37:10.426] [DEBUG] cheese - null
[2020-03-03T19:37:10.427] [DEBUG] cheese - null
[2020-03-03T19:49:54.281] [DEBUG] cheese - login => username:admin,password:123456
[2020-03-03T19:49:54.281] [DEBUG] cheese - admin
[2020-03-03T19:49:54.286] [DEBUG] cheese - null
[2020-03-03T19:49:54.286] [DEBUG] cheese - null
[2020-03-03T20:33:53.001] [DEBUG] cheese - login => username:admin,password:123456
[2020-03-03T20:33:53.009] [DEBUG] cheese - admin
[2020-03-03T20:33:53.052] [DEBUG] cheese - null
[2020-03-03T20:33:53.052] [DEBUG] cheese - null
[2020-03-03T21:04:25.611] [DEBUG] cheese - login => username:admin,password:123456
[2020-03-03T21:04:25.612] [DEBUG] cheese - admin
[2020-03-03T21:04:25.619] [DEBUG] cheese - null
[2020-03-03T21:04:25.619] [DEBUG] cheese - null
[2020-03-03T21:21:41.488] [DEBUG] cheese - login => username:admin,password:123456
[2020-03-03T21:21:41.488] [DEBUG] cheese - admin
[2020-03-03T21:21:41.494] [DEBUG] cheese - null
[2020-03-03T21:21:41.494] [DEBUG] cheese - null
[2020-03-03T21:21:57.028] [DEBUG] cheese - login => username:admin,password:123456
[2020-03-03T21:21:57.029] [DEBUG] cheese - admin
[2020-03-03T21:21:57.037] [DEBUG] cheese - null
[2020-03-03T21:21:57.037] [DEBUG] cheese - null
[2020-03-04T09:48:09.921] [DEBUG] cheese - login => username:admin,password:123456
[2020-03-04T09:48:09.922] [DEBUG] cheese - admin
[2020-03-04T09:48:10.132] [DEBUG] cheese - null
[2020-03-04T09:48:10.132] [DEBUG] cheese - null
[2020-03-04T10:21:04.837] [DEBUG] cheese - login => username:admin,password:123456
[2020-03-04T10:21:04.837] [DEBUG] cheese - admin
[2020-03-04T10:21:04.840] [DEBUG] cheese - null
[2020-03-04T10:21:04.840] [DEBUG] cheese - null
[2020-03-04T10:37:10.476] [DEBUG] cheese - login => username:admin,password:123456
[2020-03-04T10:37:10.476] [DEBUG] cheese - admin
[2020-03-04T10:37:10.480] [DEBUG] cheese - null
[2020-03-04T10:37:10.480] [DEBUG] cheese - null
[2020-03-05T10:01:24.455] [DEBUG] cheese - login => username:admin,password:123456
[2020-03-05T10:01:24.456] [DEBUG] cheese - admin
[2020-03-05T10:01:24.613] [DEBUG] cheese - null
[2020-03-05T10:01:24.614] [DEBUG] cheese - null
[2020-03-05T10:05:47.771] [DEBUG] cheese - login => username:admin,password:123456
[2020-03-05T10:05:47.771] [DEBUG] cheese - admin
[2020-03-05T10:05:47.774] [DEBUG] cheese - null
[2020-03-05T10:05:47.774] [DEBUG] cheese - null
[2020-03-05T10:09:18.179] [DEBUG] cheese - login => username:admin,password:123456
[2020-03-05T10:09:18.179] [DEBUG] cheese - admin
[2020-03-05T10:09:18.181] [DEBUG] cheese - login => username:admin,password:123456
[2020-03-05T10:09:18.181] [DEBUG] cheese - admin
[2020-03-05T10:09:18.183] [DEBUG] cheese - login => username:admin,password:123456
[2020-03-05T10:09:18.183] [DEBUG] cheese - admin
[2020-03-05T10:09:18.184] [DEBUG] cheese - login => username:admin,password:123456
[2020-03-05T10:09:18.184] [DEBUG] cheese - admin
[2020-03-05T10:09:18.186] [DEBUG] cheese - login => username:admin,password:123456
[2020-03-05T10:09:18.186] [DEBUG] cheese - admin
[2020-03-05T10:09:18.187] [DEBUG] cheese - login => username:admin,password:123456
[2020-03-05T10:09:18.188] [DEBUG] cheese - admin
[2020-03-05T10:09:18.192] [DEBUG] cheese - null
[2020-03-05T10:09:18.192] [DEBUG] cheese - null
[2020-03-05T10:09:18.262] [DEBUG] cheese - null
[2020-03-05T10:09:18.262] [DEBUG] cheese - null
[2020-03-05T10:09:18.335] [DEBUG] cheese - null
[2020-03-05T10:09:18.335] [DEBUG] cheese - null
[2020-03-05T10:09:18.405] [DEBUG] cheese - null
[2020-03-05T10:09:18.405] [DEBUG] cheese - null
[2020-03-05T10:09:18.474] [DEBUG] cheese - null
[2020-03-05T10:09:18.474] [DEBUG] cheese - null
[2020-03-05T10:09:18.543] [DEBUG] cheese - null
[2020-03-05T10:09:18.543] [DEBUG] cheese - null
[2020-03-05T10:14:01.035] [DEBUG] cheese - login => username:admin,password:123456
[2020-03-05T10:14:01.035] [DEBUG] cheese - admin
[2020-03-05T10:14:01.037] [DEBUG] cheese - null
[2020-03-05T10:14:01.037] [DEBUG] cheese - null
[2020-03-05T10:32:29.994] [DEBUG] cheese - login => username:admin,password:123456
[2020-03-05T10:32:29.994] [DEBUG] cheese - admin
[2020-03-05T10:32:30.000] [DEBUG] cheese - null
[2020-03-05T10:32:30.000] [DEBUG] cheese - null
[2020-03-05T10:39:13.648] [DEBUG] cheese - login => username:admin,password:123456
[2020-03-05T10:39:13.648] [DEBUG] cheese - admin
[2020-03-05T10:39:13.655] [DEBUG] cheese - null
[2020-03-05T10:39:13.655] [DEBUG] cheese - null
[2020-03-05T10:52:57.060] [DEBUG] cheese - login => username:admin,password:123456
[2020-03-05T10:52:57.060] [DEBUG] cheese - admin
[2020-03-05T10:52:57.062] [DEBUG] cheese - null
[2020-03-05T10:52:57.062] [DEBUG] cheese - null
[2020-03-05T11:05:11.808] [DEBUG] cheese - login => username:admin,password:123456
[2020-03-05T11:05:11.808] [DEBUG] cheese - admin
[2020-03-05T11:05:11.810] [DEBUG] cheese - null
[2020-03-05T11:05:11.810] [DEBUG] cheese - null
[2020-03-05T11:09:56.668] [DEBUG] cheese - login => username:admin,password:123456
[2020-03-05T11:09:56.668] [DEBUG] cheese - admin
[2020-03-05T11:09:56.674] [DEBUG] cheese - null
[2020-03-05T11:09:56.674] [DEBUG] cheese - null
[2020-03-05T11:21:30.326] [DEBUG] cheese - login => username:admin,password:123456
[2020-03-05T11:21:30.326] [DEBUG] cheese - admin
[2020-03-05T11:21:30.330] [DEBUG] cheese - null
[2020-03-05T11:21:30.330] [DEBUG] cheese - null
[2020-03-05T12:54:00.340] [DEBUG] cheese - login => username:admin,password:123456
[2020-03-05T12:54:00.342] [DEBUG] cheese - admin
[2020-03-05T12:54:00.348] [DEBUG] cheese - null
[2020-03-05T12:54:00.348] [DEBUG] cheese - null
[2020-03-05T13:33:00.011] [DEBUG] cheese - login => username:admin,password:123456
[2020-03-05T13:33:00.012] [DEBUG] cheese - admin
[2020-03-05T13:33:00.016] [DEBUG] cheese - null
[2020-03-05T13:33:00.017] [DEBUG] cheese - null
[2020-03-05T13:35:47.827] [DEBUG] cheese - login => username:admin,password:123456
[2020-03-05T13:35:47.827] [DEBUG] cheese - admin
[2020-03-05T13:35:47.829] [DEBUG] cheese - null
[2020-03-05T13:35:47.829] [DEBUG] cheese - null
[2020-03-05T20:11:45.797] [DEBUG] cheese - login => username:admin,password:123456
[2020-03-05T20:11:45.813] [DEBUG] cheese - admin
[2020-03-05T20:11:46.018] [DEBUG] cheese - null
[2020-03-05T20:11:46.018] [DEBUG] cheese - null
[2020-03-09T10:24:13.444] [DEBUG] cheese - login => username:admin,password:123456
[2020-03-09T10:24:13.445] [DEBUG] cheese - admin
[2020-03-09T10:24:13.644] [DEBUG] cheese - null
[2020-03-09T10:24:13.645] [DEBUG] cheese - null
[2020-03-09T10:30:09.700] [DEBUG] cheese - login => username:admin,password:123456
[2020-03-09T10:30:09.701] [DEBUG] cheese - admin
[2020-03-09T10:30:09.709] [DEBUG] cheese - null
[2020-03-09T10:30:09.709] [DEBUG] cheese - null
[2020-03-09T14:55:31.890] [DEBUG] cheese - login => username:admin,password:123456
[2020-03-09T14:55:31.906] [DEBUG] cheese - admin
[2020-03-09T14:55:32.103] [DEBUG] cheese - null
[2020-03-09T14:55:32.103] [DEBUG] cheese - null
[2020-03-19T10:00:04.384] [DEBUG] cheese - login => username:admin,password:123456
[2020-03-19T10:00:04.385] [DEBUG] cheese - admin
[2020-03-19T10:00:04.606] [DEBUG] cheese - null
[2020-03-19T10:00:04.606] [DEBUG] cheese - null
